<?xml version="1.0" encoding="UTF-8" ?>
<testsuite failures="0" time="0.017" errors="0" skipped="0" tests="1" name="com.zorbit.platform.core.AppTest">
  <properties>
    <property name="java.runtime.name" value="Java(TM) SE Runtime Environment"/>
    <property name="sun.boot.library.path" value="E:\develop\software\installers\java1.7.0_07\jdk\jre\bin"/>
    <property name="java.vm.version" value="23.3-b01"/>
    <property name="java.vm.vendor" value="Oracle Corporation"/>
    <property name="java.vendor.url" value="http://java.oracle.com/"/>
    <property name="path.separator" value=";"/>
    <property name="java.vm.name" value="Java HotSpot(TM) 64-Bit Server VM"/>
    <property name="file.encoding.pkg" value="sun.io"/>
    <property name="user.script" value=""/>
    <property name="user.country" value="CN"/>
    <property name="sun.java.launcher" value="SUN_STANDARD"/>
    <property name="sun.os.patch.level" value="Service Pack 1"/>
    <property name="java.vm.specification.name" value="Java Virtual Machine Specification"/>
    <property name="user.dir" value="F:\stswk\platform\platform-core"/>
    <property name="java.runtime.version" value="1.7.0_07-b11"/>
    <property name="java.awt.graphicsenv" value="sun.awt.Win32GraphicsEnvironment"/>
    <property name="basedir" value="F:\stswk\platform\platform-core"/>
    <property name="java.endorsed.dirs" value="E:\develop\software\installers\java1.7.0_07\jdk\jre\lib\endorsed"/>
    <property name="os.arch" value="amd64"/>
    <property name="surefire.real.class.path" value="C:\Users\ADMINI~1\AppData\Local\Temp\surefirebooter2467612404700423528.jar"/>
    <property name="java.io.tmpdir" value="C:\Users\ADMINI~1\AppData\Local\Temp\"/>
    <property name="line.separator" value="
"/>
    <property name="java.vm.specification.vendor" value="Oracle Corporation"/>
    <property name="user.variant" value=""/>
    <property name="os.name" value="Windows 7"/>
    <property name="sun.jnu.encoding" value="GBK"/>
    <property name="java.library.path" value="E:\develop\software\installers\java1.7.0_07\jdk\jre\bin;C:\Windows\Sun\Java\bin;C:\Windows\system32;C:\Windows;C:\Windows\system32;C:\Windows;C:\Windows\System32\Wbem;C:\Windows\System32\WindowsPowerShell\v1.0\;G:\driver\DRIVERS\bluetooth\;G:\driver\DRIVERS\bluetooth\syswow64;C:\Program Files\Microsoft SQL Server\100\DTS\Binn\;C:\Program Files (x86)\Microsoft SQL Server\100\Tools\Binn\VSShell\Common7\IDE\;C:\Program Files (x86)\Microsoft SQL Server\100\Tools\Binn\;C:\Program Files\Microsoft SQL Server\100\Tools\Binn\;C:\Program Files (x86)\Microsoft Visual Studio 9.0\Common7\IDE\PrivateAssemblies\;C:\Program Files (x86)\Microsoft SQL Server\100\DTS\Binn\;E:\develop\software\installers\TortoiseSVN\bin;E:\develop\software\installers\nodejs\;E:\develop\software\installers\java1.7.0_07\jdk\bin;E:\develop\software\installers\apache-maven-2.2.1\bin;C:\Users\Administrator\AppData\Roaming\npm;."/>
    <property name="surefire.test.class.path" value="F:\stswk\platform\platform-core\target\test-classes;F:\stswk\platform\platform-core\target\classes;D:\Development\maven\repository\junit\junit\3.8.1\junit-3.8.1.jar;D:\Development\maven\repository\mysql\mysql-connector-java\5.0.5\mysql-connector-java-5.0.5.jar;D:\Development\maven\repository\com\h2database\h2\1.0.20070304\h2-1.0.20070304.jar;D:\Development\maven\repository\com\alibaba\druid\0.2.25\druid-0.2.25.jar;D:\Development\maven\repository\org\hibernate\hibernate-entitymanager\4.1.3.Final\hibernate-entitymanager-4.1.3.Final.jar;D:\Development\maven\repository\org\jboss\logging\jboss-logging\3.1.0.GA\jboss-logging-3.1.0.GA.jar;D:\Development\maven\repository\org\jboss\spec\javax\transaction\jboss-transaction-api_1.1_spec\1.0.0.Final\jboss-transaction-api_1.1_spec-1.0.0.Final.jar;D:\Development\maven\repository\dom4j\dom4j\1.6.1\dom4j-1.6.1.jar;D:\Development\maven\repository\org\hibernate\javax\persistence\hibernate-jpa-2.0-api\1.0.1.Final\hibernate-jpa-2.0-api-1.0.1.Final.jar;D:\Development\maven\repository\org\javassist\javassist\3.15.0-GA\javassist-3.15.0-GA.jar;D:\Development\maven\repository\org\hibernate\hibernate-core\4.1.3.Final\hibernate-core-4.1.3.Final.jar;D:\Development\maven\repository\antlr\antlr\2.7.7\antlr-2.7.7.jar;D:\Development\maven\repository\org\hibernate\common\hibernate-commons-annotations\4.0.1.Final\hibernate-commons-annotations-4.0.1.Final.jar;D:\Development\maven\repository\javax\validation\validation-api\1.1.0.Alpha1\validation-api-1.1.0.Alpha1.jar;D:\Development\maven\repository\org\hibernate\hibernate-validator\4.3.0.CR1\hibernate-validator-4.3.0.CR1.jar;D:\Development\maven\repository\cglib\cglib\2.2.2\cglib-2.2.2.jar;D:\Development\maven\repository\asm\asm\3.3.1\asm-3.3.1.jar;D:\Development\maven\repository\javassist\javassist\3.12.1.GA\javassist-3.12.1.GA.jar;D:\Development\maven\repository\org\springframework\spring-jdbc\3.2.3.RELEASE\spring-jdbc-3.2.3.RELEASE.jar;D:\Development\maven\repository\org\springframework\spring-beans\3.2.3.RELEASE\spring-beans-3.2.3.RELEASE.jar;D:\Development\maven\repository\org\springframework\spring-core\3.2.3.RELEASE\spring-core-3.2.3.RELEASE.jar;D:\Development\maven\repository\commons-logging\commons-logging\1.1.1\commons-logging-1.1.1.jar;D:\Development\maven\repository\org\springframework\spring-tx\3.2.3.RELEASE\spring-tx-3.2.3.RELEASE.jar;D:\Development\maven\repository\aopalliance\aopalliance\1.0\aopalliance-1.0.jar;D:\Development\maven\repository\org\springframework\spring-orm\3.2.3.RELEASE\spring-orm-3.2.3.RELEASE.jar;D:\Development\maven\repository\org\springframework\spring-context\3.2.3.RELEASE\spring-context-3.2.3.RELEASE.jar;D:\Development\maven\repository\org\springframework\spring-aop\3.2.3.RELEASE\spring-aop-3.2.3.RELEASE.jar;D:\Development\maven\repository\org\springframework\spring-expression\3.2.3.RELEASE\spring-expression-3.2.3.RELEASE.jar;D:\Development\maven\repository\org\springframework\security\spring-security-core\3.1.4.RELEASE\spring-security-core-3.1.4.RELEASE.jar;D:\Development\maven\repository\org\springframework\security\spring-security-config\3.1.4.RELEASE\spring-security-config-3.1.4.RELEASE.jar;D:\Development\maven\repository\org\springframework\security\spring-security-web\3.1.4.RELEASE\spring-security-web-3.1.4.RELEASE.jar;D:\Development\maven\repository\commons-lang\commons-lang\2.6\commons-lang-2.6.jar;D:\Development\maven\repository\org\slf4j\slf4j-api\1.6.4\slf4j-api-1.6.4.jar;D:\Development\maven\repository\commons-fileupload\commons-fileupload\1.2.2\commons-fileupload-1.2.2.jar;"/>
    <property name="java.specification.name" value="Java Platform API Specification"/>
    <property name="java.class.version" value="51.0"/>
    <property name="sun.management.compiler" value="HotSpot 64-Bit Tiered Compilers"/>
    <property name="os.version" value="6.1"/>
    <property name="user.home" value="C:\Users\Administrator"/>
    <property name="user.timezone" value=""/>
    <property name="java.awt.printerjob" value="sun.awt.windows.WPrinterJob"/>
    <property name="java.specification.version" value="1.7"/>
    <property name="file.encoding" value="GBK"/>
    <property name="user.name" value="Administrator"/>
    <property name="java.class.path" value="F:\stswk\platform\platform-core\target\test-classes;F:\stswk\platform\platform-core\target\classes;D:\Development\maven\repository\junit\junit\3.8.1\junit-3.8.1.jar;D:\Development\maven\repository\mysql\mysql-connector-java\5.0.5\mysql-connector-java-5.0.5.jar;D:\Development\maven\repository\com\h2database\h2\1.0.20070304\h2-1.0.20070304.jar;D:\Development\maven\repository\com\alibaba\druid\0.2.25\druid-0.2.25.jar;D:\Development\maven\repository\org\hibernate\hibernate-entitymanager\4.1.3.Final\hibernate-entitymanager-4.1.3.Final.jar;D:\Development\maven\repository\org\jboss\logging\jboss-logging\3.1.0.GA\jboss-logging-3.1.0.GA.jar;D:\Development\maven\repository\org\jboss\spec\javax\transaction\jboss-transaction-api_1.1_spec\1.0.0.Final\jboss-transaction-api_1.1_spec-1.0.0.Final.jar;D:\Development\maven\repository\dom4j\dom4j\1.6.1\dom4j-1.6.1.jar;D:\Development\maven\repository\org\hibernate\javax\persistence\hibernate-jpa-2.0-api\1.0.1.Final\hibernate-jpa-2.0-api-1.0.1.Final.jar;D:\Development\maven\repository\org\javassist\javassist\3.15.0-GA\javassist-3.15.0-GA.jar;D:\Development\maven\repository\org\hibernate\hibernate-core\4.1.3.Final\hibernate-core-4.1.3.Final.jar;D:\Development\maven\repository\antlr\antlr\2.7.7\antlr-2.7.7.jar;D:\Development\maven\repository\org\hibernate\common\hibernate-commons-annotations\4.0.1.Final\hibernate-commons-annotations-4.0.1.Final.jar;D:\Development\maven\repository\javax\validation\validation-api\1.1.0.Alpha1\validation-api-1.1.0.Alpha1.jar;D:\Development\maven\repository\org\hibernate\hibernate-validator\4.3.0.CR1\hibernate-validator-4.3.0.CR1.jar;D:\Development\maven\repository\cglib\cglib\2.2.2\cglib-2.2.2.jar;D:\Development\maven\repository\asm\asm\3.3.1\asm-3.3.1.jar;D:\Development\maven\repository\javassist\javassist\3.12.1.GA\javassist-3.12.1.GA.jar;D:\Development\maven\repository\org\springframework\spring-jdbc\3.2.3.RELEASE\spring-jdbc-3.2.3.RELEASE.jar;D:\Development\maven\repository\org\springframework\spring-beans\3.2.3.RELEASE\spring-beans-3.2.3.RELEASE.jar;D:\Development\maven\repository\org\springframework\spring-core\3.2.3.RELEASE\spring-core-3.2.3.RELEASE.jar;D:\Development\maven\repository\commons-logging\commons-logging\1.1.1\commons-logging-1.1.1.jar;D:\Development\maven\repository\org\springframework\spring-tx\3.2.3.RELEASE\spring-tx-3.2.3.RELEASE.jar;D:\Development\maven\repository\aopalliance\aopalliance\1.0\aopalliance-1.0.jar;D:\Development\maven\repository\org\springframework\spring-orm\3.2.3.RELEASE\spring-orm-3.2.3.RELEASE.jar;D:\Development\maven\repository\org\springframework\spring-context\3.2.3.RELEASE\spring-context-3.2.3.RELEASE.jar;D:\Development\maven\repository\org\springframework\spring-aop\3.2.3.RELEASE\spring-aop-3.2.3.RELEASE.jar;D:\Development\maven\repository\org\springframework\spring-expression\3.2.3.RELEASE\spring-expression-3.2.3.RELEASE.jar;D:\Development\maven\repository\org\springframework\security\spring-security-core\3.1.4.RELEASE\spring-security-core-3.1.4.RELEASE.jar;D:\Development\maven\repository\org\springframework\security\spring-security-config\3.1.4.RELEASE\spring-security-config-3.1.4.RELEASE.jar;D:\Development\maven\repository\org\springframework\security\spring-security-web\3.1.4.RELEASE\spring-security-web-3.1.4.RELEASE.jar;D:\Development\maven\repository\commons-lang\commons-lang\2.6\commons-lang-2.6.jar;D:\Development\maven\repository\org\slf4j\slf4j-api\1.6.4\slf4j-api-1.6.4.jar;D:\Development\maven\repository\commons-fileupload\commons-fileupload\1.2.2\commons-fileupload-1.2.2.jar;"/>
    <property name="java.vm.specification.version" value="1.7"/>
    <property name="sun.arch.data.model" value="64"/>
    <property name="java.home" value="E:\develop\software\installers\java1.7.0_07\jdk\jre"/>
    <property name="sun.java.command" value="C:\Users\ADMINI~1\AppData\Local\Temp\surefirebooter2467612404700423528.jar C:\Users\ADMINI~1\AppData\Local\Temp\surefire498757918780635777tmp C:\Users\ADMINI~1\AppData\Local\Temp\surefire3329236281382184486tmp"/>
    <property name="java.specification.vendor" value="Oracle Corporation"/>
    <property name="user.language" value="zh"/>
    <property name="awt.toolkit" value="sun.awt.windows.WToolkit"/>
    <property name="java.vm.info" value="mixed mode"/>
    <property name="java.version" value="1.7.0_07"/>
    <property name="java.ext.dirs" value="E:\develop\software\installers\java1.7.0_07\jdk\jre\lib\ext;C:\Windows\Sun\Java\lib\ext"/>
    <property name="sun.boot.class.path" value="E:\develop\software\installers\java1.7.0_07\jdk\jre\lib\resources.jar;E:\develop\software\installers\java1.7.0_07\jdk\jre\lib\rt.jar;E:\develop\software\installers\java1.7.0_07\jdk\jre\lib\sunrsasign.jar;E:\develop\software\installers\java1.7.0_07\jdk\jre\lib\jsse.jar;E:\develop\software\installers\java1.7.0_07\jdk\jre\lib\jce.jar;E:\develop\software\installers\java1.7.0_07\jdk\jre\lib\charsets.jar;E:\develop\software\installers\java1.7.0_07\jdk\jre\lib\jfr.jar;E:\develop\software\installers\java1.7.0_07\jdk\jre\classes"/>
    <property name="java.vendor" value="Oracle Corporation"/>
    <property name="localRepository" value="D:/Development/maven/repository"/>
    <property name="file.separator" value="\"/>
    <property name="java.vendor.url.bug" value="http://bugreport.sun.com/bugreport/"/>
    <property name="sun.cpu.endian" value="little"/>
    <property name="sun.io.unicode.encoding" value="UnicodeLittle"/>
    <property name="sun.desktop" value="windows"/>
    <property name="sun.cpu.isalist" value="amd64"/>
  </properties>
  <testcase time="0.003" classname="com.zorbit.platform.core.AppTest" name="testApp"/>
</testsuite>